[0.000000] (-) TimerEvent: {}
[0.000496] (DeepPicar-pkg) JobQueued: {'identifier': 'DeepPicar-pkg', 'dependencies': OrderedDict()}
[0.000630] (DeepPicar-pkg) JobStarted: {'identifier': 'DeepPicar-pkg'}
[0.088256] (-) TimerEvent: {}
[0.189067] (-) TimerEvent: {}
[0.289699] (-) TimerEvent: {}
[0.390340] (-) TimerEvent: {}
[0.490993] (-) TimerEvent: {}
[0.591660] (-) TimerEvent: {}
[0.692314] (-) TimerEvent: {}
[0.793010] (-) TimerEvent: {}
[0.893659] (-) TimerEvent: {}
[0.994321] (-) TimerEvent: {}
[1.094988] (-) TimerEvent: {}
[1.195670] (-) TimerEvent: {}
[1.298257] (-) TimerEvent: {}
[1.398952] (-) TimerEvent: {}
[1.499611] (-) TimerEvent: {}
[1.600264] (-) TimerEvent: {}
[1.700967] (-) TimerEvent: {}
[1.801626] (-) TimerEvent: {}
[1.903051] (-) TimerEvent: {}
[2.003731] (-) TimerEvent: {}
[2.067578] (DeepPicar-pkg) StderrLine: {'line': b'Traceback (most recent call last):\n  File "/usr/lib/python3/dist-packages/colcon_core/executor/__init__.py", line 91, in __call__\n    rc = await self.task(*args, **kwargs)\n  File "/usr/lib/python3/dist-packages/colcon_core/task/__init__.py", line 93, in __call__\n    return await task_method(*args, **kwargs)\n  File "/usr/lib/python3/dist-packages/colcon_ros/task/ament_python/build.py", line 51, in build\n    setup_py_data = get_setup_data(self.context.pkg, env)\n  File "/usr/lib/python3/dist-packages/colcon_core/task/python/__init__.py", line 20, in get_setup_data\n    return dict(pkg.metadata[key](env))\n  File "/usr/lib/python3/dist-packages/colcon_ros/package_identification/ros.py", line 129, in getter\n    return get_setup_information(\n  File "/usr/lib/python3/dist-packages/colcon_python_setup_py/package_identification/python_setup_py.py", line 241, in get_setup_information\n    _setup_information_cache[hashable_env] = _get_setup_information(\n  File "/usr/lib/python3/dist-packages/colcon_python_setup_py/package_identification/python_setup_py.py", line 281, in _get_setup_information\n    result = subprocess.run(\n  File "/usr/lib/python3.8/subprocess.py", line 512, in run\n    raise CalledProcessError(retcode, process.args,\nsubprocess.CalledProcessError: Command \'[\'/usr/bin/python3\', \'-c\', "import sys;from setuptools.extern.packaging.specifiers import SpecifierSet;from distutils.core import run_setup;dist = run_setup(    \'setup.py\', script_args=(\'--dry-run\',), stop_after=\'config\');skip_keys = (\'cmdclass\', \'distclass\', \'ext_modules\', \'metadata\');data = {    key: value for key, value in dist.__dict__.items()     if (        not key.startswith(\'_\') and         not callable(value) and         key not in skip_keys and         key not in dist.display_option_names    )};data[\'metadata\'] = {    k: v for k, v in dist.metadata.__dict__.items()     if k not in (\'license_files\', \'provides_extras\')};sys.stdout.buffer.write(repr(data).encode(\'utf-8\'))"]\' returned non-zero exit status 1.\n'}
[2.069596] (DeepPicar-pkg) JobEnded: {'identifier': 'DeepPicar-pkg', 'rc': 1}
[2.072548] (-) EventReactorShutdown: {}
