[0.615s] DEBUG:colcon:Command line arguments: ['/usr/bin/colcon', 'build']
[0.616s] DEBUG:colcon:Parsed command line arguments: Namespace(allow_overriding=[], ament_cmake_args=None, base_paths=['.'], build_base='build', catkin_cmake_args=None, catkin_skip_building_tests=False, cmake_args=None, cmake_clean_cache=False, cmake_clean_first=False, cmake_force_configure=False, cmake_target=None, cmake_target_skip_unavailable=False, continue_on_error=False, event_handlers=None, executor='parallel', ignore_user_meta=False, install_base='install', log_base=None, log_level=None, main=<bound method BuildVerb.main of <colcon_core.verb.build.BuildVerb object at 0x7fa978d59190>>, merge_install=False, metas=['./colcon.meta'], packages_above=None, packages_above_and_dependencies=None, packages_above_depth=None, packages_end=None, packages_ignore=None, packages_ignore_regex=None, packages_select=None, packages_select_build_failed=False, packages_select_by_dep=None, packages_select_regex=None, packages_select_test_failures=False, packages_skip=None, packages_skip_build_finished=False, packages_skip_by_dep=None, packages_skip_regex=None, packages_skip_test_passed=False, packages_skip_up_to=None, packages_start=None, packages_up_to=None, packages_up_to_regex=None, parallel_workers=2, paths=None, symlink_install=False, test_result_base=None, verb_extension=<colcon_core.verb.build.BuildVerb object at 0x7fa978d59190>, verb_name='build', verb_parser=<colcon_defaults.argument_parser.defaults.DefaultArgumentsDecorator object at 0x7fa978d596d0>)
[0.714s] Level 1:colcon.colcon_core.package_discovery:discover_packages(colcon_meta) check parameters
[0.715s] Level 1:colcon.colcon_core.package_discovery:discover_packages(recursive) check parameters
[0.715s] Level 1:colcon.colcon_core.package_discovery:discover_packages(ignore) check parameters
[0.715s] Level 1:colcon.colcon_core.package_discovery:discover_packages(path) check parameters
[0.715s] Level 1:colcon.colcon_core.package_discovery:discover_packages(colcon_meta) discover
[0.715s] Level 1:colcon.colcon_core.package_discovery:discover_packages(recursive) discover
[0.715s] INFO:colcon.colcon_core.package_discovery:Crawling recursively for packages in '/root/deepracer_ws/DeepPicar-v3/src'
[0.716s] Level 1:colcon.colcon_core.package_identification:_identify(.) by extensions ['ignore', 'ignore_ament_install']
[0.716s] Level 1:colcon.colcon_core.package_identification:_identify(.) by extension 'ignore'
[0.716s] Level 1:colcon.colcon_core.package_identification:_identify(.) by extension 'ignore_ament_install'
[0.717s] Level 1:colcon.colcon_core.package_identification:_identify(.) by extensions ['colcon_pkg']
[0.717s] Level 1:colcon.colcon_core.package_identification:_identify(.) by extension 'colcon_pkg'
[0.717s] Level 1:colcon.colcon_core.package_identification:_identify(.) by extensions ['colcon_meta']
[0.717s] Level 1:colcon.colcon_core.package_identification:_identify(.) by extension 'colcon_meta'
[0.717s] Level 1:colcon.colcon_core.package_identification:_identify(.) by extensions ['ros']
[0.717s] Level 1:colcon.colcon_core.package_identification:_identify(.) by extension 'ros'
[0.763s] Level 1:colcon.colcon_core.package_identification:_identify(.) by extensions ['cmake', 'python']
[0.764s] Level 1:colcon.colcon_core.package_identification:_identify(.) by extension 'cmake'
[0.764s] Level 1:colcon.colcon_core.package_identification:_identify(.) by extension 'python'
[0.764s] Level 1:colcon.colcon_core.package_identification:_identify(.) by extensions ['python_setup_py']
[0.764s] Level 1:colcon.colcon_core.package_identification:_identify(.) by extension 'python_setup_py'
[0.765s] Level 1:colcon.colcon_core.package_identification:_identify(build) by extensions ['ignore', 'ignore_ament_install']
[0.765s] Level 1:colcon.colcon_core.package_identification:_identify(build) by extension 'ignore'
[0.765s] Level 1:colcon.colcon_core.package_identification:_identify(build) ignored
[0.766s] Level 1:colcon.colcon_core.package_identification:_identify(deeppicar_pkg) by extensions ['ignore', 'ignore_ament_install']
[0.766s] Level 1:colcon.colcon_core.package_identification:_identify(deeppicar_pkg) by extension 'ignore'
[0.766s] Level 1:colcon.colcon_core.package_identification:_identify(deeppicar_pkg) by extension 'ignore_ament_install'
[0.767s] Level 1:colcon.colcon_core.package_identification:_identify(deeppicar_pkg) by extensions ['colcon_pkg']
[0.767s] Level 1:colcon.colcon_core.package_identification:_identify(deeppicar_pkg) by extension 'colcon_pkg'
[0.767s] Level 1:colcon.colcon_core.package_identification:_identify(deeppicar_pkg) by extensions ['colcon_meta']
[0.767s] Level 1:colcon.colcon_core.package_identification:_identify(deeppicar_pkg) by extension 'colcon_meta'
[0.767s] Level 1:colcon.colcon_core.package_identification:_identify(deeppicar_pkg) by extensions ['ros']
[0.767s] Level 1:colcon.colcon_core.package_identification:_identify(deeppicar_pkg) by extension 'ros'
[0.776s] DEBUG:colcon.colcon_core.package_identification:Package 'deeppicar_pkg' with type 'ros.ament_python' and name 'deeppicar_pkg'
[0.777s] Level 1:colcon.colcon_core.package_identification:_identify(install) by extensions ['ignore', 'ignore_ament_install']
[0.777s] Level 1:colcon.colcon_core.package_identification:_identify(install) by extension 'ignore'
[0.778s] Level 1:colcon.colcon_core.package_identification:_identify(install) ignored
[0.778s] Level 1:colcon.colcon_core.package_identification:_identify(log) by extensions ['ignore', 'ignore_ament_install']
[0.778s] Level 1:colcon.colcon_core.package_identification:_identify(log) by extension 'ignore'
[0.779s] Level 1:colcon.colcon_core.package_identification:_identify(log) ignored
[0.779s] Level 1:colcon.colcon_core.package_discovery:discover_packages(recursive) using defaults
[0.779s] Level 1:colcon.colcon_core.package_discovery:discover_packages(ignore) discover
[0.779s] Level 1:colcon.colcon_core.package_discovery:discover_packages(ignore) using defaults
[0.779s] Level 1:colcon.colcon_core.package_discovery:discover_packages(path) discover
[0.779s] Level 1:colcon.colcon_core.package_discovery:discover_packages(path) using defaults
[0.849s] Level 1:colcon.colcon_core.package_discovery:discover_packages(prefix_path) check parameters
[0.850s] Level 1:colcon.colcon_core.package_discovery:discover_packages(prefix_path) discover
[0.864s] DEBUG:colcon.colcon_installed_package_information.package_discovery:Found 1 installed packages in /root/deepracer_ws/DeepPicar-v3/src/install
[0.866s] ERROR:colcon.colcon_core.package_discovery:Exception in package discovery extension 'prefix_path': object of type 'NoneType' has no len()
Traceback (most recent call last):
  File "/usr/lib/python3/dist-packages/colcon_core/package_discovery/__init__.py", line 250, in _discover_packages
    descs = extension.discover(
  File "/usr/lib/python3/dist-packages/colcon_installed_package_information/package_discovery/prefix_path.py", line 30, in discover
    num_packages = len(packages)
TypeError: object of type 'NoneType' has no len()

[0.879s] Level 5:colcon.colcon_core.verb:set package 'deeppicar_pkg' build argument 'cmake_args' from command line to 'None'
[0.880s] Level 5:colcon.colcon_core.verb:set package 'deeppicar_pkg' build argument 'cmake_target' from command line to 'None'
[0.880s] Level 5:colcon.colcon_core.verb:set package 'deeppicar_pkg' build argument 'cmake_target_skip_unavailable' from command line to 'False'
[0.880s] Level 5:colcon.colcon_core.verb:set package 'deeppicar_pkg' build argument 'cmake_clean_cache' from command line to 'False'
[0.880s] Level 5:colcon.colcon_core.verb:set package 'deeppicar_pkg' build argument 'cmake_clean_first' from command line to 'False'
[0.880s] Level 5:colcon.colcon_core.verb:set package 'deeppicar_pkg' build argument 'cmake_force_configure' from command line to 'False'
[0.880s] Level 5:colcon.colcon_core.verb:set package 'deeppicar_pkg' build argument 'ament_cmake_args' from command line to 'None'
[0.880s] Level 5:colcon.colcon_core.verb:set package 'deeppicar_pkg' build argument 'catkin_cmake_args' from command line to 'None'
[0.881s] Level 5:colcon.colcon_core.verb:set package 'deeppicar_pkg' build argument 'catkin_skip_building_tests' from command line to 'False'
[0.881s] DEBUG:colcon.colcon_core.verb:Building package 'deeppicar_pkg' with the following arguments: {'ament_cmake_args': None, 'build_base': '/root/deepracer_ws/DeepPicar-v3/src/build/deeppicar_pkg', 'catkin_cmake_args': None, 'catkin_skip_building_tests': False, 'cmake_args': None, 'cmake_clean_cache': False, 'cmake_clean_first': False, 'cmake_force_configure': False, 'cmake_target': None, 'cmake_target_skip_unavailable': False, 'install_base': '/root/deepracer_ws/DeepPicar-v3/src/install/deeppicar_pkg', 'merge_install': False, 'path': '/root/deepracer_ws/DeepPicar-v3/src/deeppicar_pkg', 'symlink_install': False, 'test_result_base': None}
[0.882s] INFO:colcon.colcon_core.executor:Executing jobs using 'parallel' executor
[0.889s] DEBUG:colcon.colcon_parallel_executor.executor.parallel:run_until_complete
[0.890s] INFO:colcon.colcon_ros.task.ament_python.build:Building ROS package in '/root/deepracer_ws/DeepPicar-v3/src/deeppicar_pkg' with build type 'ament_python'
[0.891s] Level 1:colcon.colcon_core.shell:create_environment_hook('deeppicar_pkg', 'ament_prefix_path')
[0.906s] INFO:colcon.colcon_core.plugin_system:Skipping extension 'colcon_core.shell.bat': Not used on non-Windows systems
[0.907s] INFO:colcon.colcon_core.shell:Creating environment hook '/root/deepracer_ws/DeepPicar-v3/src/install/deeppicar_pkg/share/deeppicar_pkg/hook/ament_prefix_path.ps1'
[0.909s] INFO:colcon.colcon_core.shell:Creating environment descriptor '/root/deepracer_ws/DeepPicar-v3/src/install/deeppicar_pkg/share/deeppicar_pkg/hook/ament_prefix_path.dsv'
[0.911s] INFO:colcon.colcon_core.shell:Creating environment hook '/root/deepracer_ws/DeepPicar-v3/src/install/deeppicar_pkg/share/deeppicar_pkg/hook/ament_prefix_path.sh'
[0.916s] INFO:colcon.colcon_core.shell:Skip shell extension 'powershell' for command environment: Not usable outside of PowerShell
[0.916s] DEBUG:colcon.colcon_core.shell:Skip shell extension 'dsv' for command environment
[0.925s] DEBUG:colcon.colcon_core.shell:Ignoring prefix path '/opt/ros/foxy'
[1.861s] INFO:colcon.colcon_core.task.python.build:Building Python package in '/root/deepracer_ws/DeepPicar-v3/src/deeppicar_pkg'
[1.864s] INFO:colcon.colcon_core.shell:Skip shell extension 'powershell' for command environment: Not usable outside of PowerShell
[1.864s] DEBUG:colcon.colcon_core.shell:Skip shell extension 'dsv' for command environment
[1.873s] DEBUG:colcon.colcon_core.shell:Ignoring prefix path '/opt/ros/foxy'
[3.446s] DEBUG:colcon.colcon_core.event_handler.log_command:Invoking command in '/root/deepracer_ws/DeepPicar-v3/src/deeppicar_pkg': PYTHONPATH=/root/deepracer_ws/DeepPicar-v3/src/install/deeppicar_pkg/lib/python3.8/site-packages:${PYTHONPATH} /usr/bin/python3 setup.py egg_info --egg-base ../build/deeppicar_pkg build --build-base /root/deepracer_ws/DeepPicar-v3/src/build/deeppicar_pkg/build install --prefix /root/deepracer_ws/DeepPicar-v3/src/install/deeppicar_pkg --record /root/deepracer_ws/DeepPicar-v3/src/build/deeppicar_pkg/install.log --single-version-externally-managed
[4.670s] DEBUG:colcon.colcon_core.event_handler.log_command:Invoked command in '/root/deepracer_ws/DeepPicar-v3/src/deeppicar_pkg' returned '0': PYTHONPATH=/root/deepracer_ws/DeepPicar-v3/src/install/deeppicar_pkg/lib/python3.8/site-packages:${PYTHONPATH} /usr/bin/python3 setup.py egg_info --egg-base ../build/deeppicar_pkg build --build-base /root/deepracer_ws/DeepPicar-v3/src/build/deeppicar_pkg/build install --prefix /root/deepracer_ws/DeepPicar-v3/src/install/deeppicar_pkg --record /root/deepracer_ws/DeepPicar-v3/src/build/deeppicar_pkg/install.log --single-version-externally-managed
[4.680s] Level 1:colcon.colcon_core.environment:checking '/root/deepracer_ws/DeepPicar-v3/src/install/deeppicar_pkg' for CMake module files
[4.682s] Level 1:colcon.colcon_core.environment:checking '/root/deepracer_ws/DeepPicar-v3/src/install/deeppicar_pkg' for CMake config files
[4.685s] Level 1:colcon.colcon_core.environment:checking '/root/deepracer_ws/DeepPicar-v3/src/install/deeppicar_pkg/lib'
[4.686s] Level 1:colcon.colcon_core.environment:checking '/root/deepracer_ws/DeepPicar-v3/src/install/deeppicar_pkg/bin'
[4.686s] Level 1:colcon.colcon_core.environment:checking '/root/deepracer_ws/DeepPicar-v3/src/install/deeppicar_pkg/lib/pkgconfig/deeppicar_pkg.pc'
[4.687s] Level 1:colcon.colcon_core.environment:checking '/root/deepracer_ws/DeepPicar-v3/src/install/deeppicar_pkg/lib/python3.8/site-packages'
[4.688s] Level 1:colcon.colcon_core.shell:create_environment_hook('deeppicar_pkg', 'pythonpath')
[4.690s] INFO:colcon.colcon_core.shell:Creating environment hook '/root/deepracer_ws/DeepPicar-v3/src/install/deeppicar_pkg/share/deeppicar_pkg/hook/pythonpath.ps1'
[4.692s] INFO:colcon.colcon_core.shell:Creating environment descriptor '/root/deepracer_ws/DeepPicar-v3/src/install/deeppicar_pkg/share/deeppicar_pkg/hook/pythonpath.dsv'
[4.694s] INFO:colcon.colcon_core.shell:Creating environment hook '/root/deepracer_ws/DeepPicar-v3/src/install/deeppicar_pkg/share/deeppicar_pkg/hook/pythonpath.sh'
[4.696s] Level 1:colcon.colcon_core.environment:checking '/root/deepracer_ws/DeepPicar-v3/src/install/deeppicar_pkg/bin'
[4.696s] Level 1:colcon.colcon_core.environment:create_environment_scripts_only(deeppicar_pkg)
[4.699s] INFO:colcon.colcon_core.shell:Creating package script '/root/deepracer_ws/DeepPicar-v3/src/install/deeppicar_pkg/share/deeppicar_pkg/package.ps1'
[4.702s] INFO:colcon.colcon_core.shell:Creating package descriptor '/root/deepracer_ws/DeepPicar-v3/src/install/deeppicar_pkg/share/deeppicar_pkg/package.dsv'
[4.704s] INFO:colcon.colcon_core.shell:Creating package script '/root/deepracer_ws/DeepPicar-v3/src/install/deeppicar_pkg/share/deeppicar_pkg/package.sh'
[4.708s] INFO:colcon.colcon_core.shell:Creating package script '/root/deepracer_ws/DeepPicar-v3/src/install/deeppicar_pkg/share/deeppicar_pkg/package.bash'
[4.711s] INFO:colcon.colcon_core.shell:Creating package script '/root/deepracer_ws/DeepPicar-v3/src/install/deeppicar_pkg/share/deeppicar_pkg/package.zsh'
[4.714s] Level 1:colcon.colcon_core.environment:create_file_with_runtime_dependencies(/root/deepracer_ws/DeepPicar-v3/src/install/deeppicar_pkg/share/colcon-core/packages/deeppicar_pkg)
[4.718s] DEBUG:colcon.colcon_parallel_executor.executor.parallel:closing loop
[4.719s] DEBUG:colcon.colcon_parallel_executor.executor.parallel:loop closed
[4.719s] DEBUG:colcon.colcon_parallel_executor.executor.parallel:run_until_complete finished with '0'
[4.720s] DEBUG:colcon.colcon_core.event_reactor:joining thread
[4.739s] INFO:colcon.colcon_core.plugin_system:Skipping extension 'colcon_notification.desktop_notification.terminal_notifier': Not used on non-Darwin systems
[4.740s] INFO:colcon.colcon_core.plugin_system:Skipping extension 'colcon_notification.desktop_notification.win32': Not used on non-Windows systems
[4.740s] INFO:colcon.colcon_notification.desktop_notification:Sending desktop notification using 'notify2'
[4.740s] DEBUG:colcon.colcon_notification.desktop_notification.notify2:Failed to initialize notify2: org.freedesktop.DBus.Error.NotSupported: Unable to autolaunch a dbus-daemon without a $DISPLAY for X11
[4.740s] DEBUG:colcon.colcon_core.event_reactor:joined thread
[4.743s] INFO:colcon.colcon_core.shell:Creating prefix script '/root/deepracer_ws/DeepPicar-v3/src/install/local_setup.ps1'
[4.746s] INFO:colcon.colcon_core.shell:Creating prefix util module '/root/deepracer_ws/DeepPicar-v3/src/install/_local_setup_util_ps1.py'
[4.752s] INFO:colcon.colcon_core.shell:Creating prefix chain script '/root/deepracer_ws/DeepPicar-v3/src/install/setup.ps1'
[4.760s] INFO:colcon.colcon_core.shell:Creating prefix script '/root/deepracer_ws/DeepPicar-v3/src/install/local_setup.sh'
[4.763s] INFO:colcon.colcon_core.shell:Creating prefix util module '/root/deepracer_ws/DeepPicar-v3/src/install/_local_setup_util_sh.py'
[4.766s] INFO:colcon.colcon_core.shell:Creating prefix chain script '/root/deepracer_ws/DeepPicar-v3/src/install/setup.sh'
[4.774s] INFO:colcon.colcon_core.shell:Creating prefix script '/root/deepracer_ws/DeepPicar-v3/src/install/local_setup.bash'
[4.776s] INFO:colcon.colcon_core.shell:Creating prefix chain script '/root/deepracer_ws/DeepPicar-v3/src/install/setup.bash'
[4.784s] INFO:colcon.colcon_core.shell:Creating prefix script '/root/deepracer_ws/DeepPicar-v3/src/install/local_setup.zsh'
[4.787s] INFO:colcon.colcon_core.shell:Creating prefix chain script '/root/deepracer_ws/DeepPicar-v3/src/install/setup.zsh'
