running egg_info
creating ../../build/deeppicar_pkg/deeppicar_pkg.egg-info
writing ../../build/deeppicar_pkg/deeppicar_pkg.egg-info/PKG-INFO
writing dependency_links to ../../build/deeppicar_pkg/deeppicar_pkg.egg-info/dependency_links.txt
writing entry points to ../../build/deeppicar_pkg/deeppicar_pkg.egg-info/entry_points.txt
writing requirements to ../../build/deeppicar_pkg/deeppicar_pkg.egg-info/requires.txt
writing top-level names to ../../build/deeppicar_pkg/deeppicar_pkg.egg-info/top_level.txt
writing manifest file '../../build/deeppicar_pkg/deeppicar_pkg.egg-info/SOURCES.txt'
reading manifest file '../../build/deeppicar_pkg/deeppicar_pkg.egg-info/SOURCES.txt'
writing manifest file '../../build/deeppicar_pkg/deeppicar_pkg.egg-info/SOURCES.txt'
running build
running build_py
creating /root/deepracer_ws/DeepPicar-v3/build/deeppicar_pkg/build
creating /root/deepracer_ws/DeepPicar-v3/build/deeppicar_pkg/build/lib
creating /root/deepracer_ws/DeepPicar-v3/build/deeppicar_pkg/build/lib/deeppicar_pkg
copying deeppicar_pkg/__init__.py -> /root/deepracer_ws/DeepPicar-v3/build/deeppicar_pkg/build/lib/deeppicar_pkg
copying deeppicar_pkg/input_kbd.py -> /root/deepracer_ws/DeepPicar-v3/build/deeppicar_pkg/build/lib/deeppicar_pkg
copying deeppicar_pkg/deeppicar.py -> /root/deepracer_ws/DeepPicar-v3/build/deeppicar_pkg/build/lib/deeppicar_pkg
running install
running install_lib
creating /root/deepracer_ws/DeepPicar-v3/install/deeppicar_pkg/lib/python3.8/site-packages/deeppicar_pkg
copying /root/deepracer_ws/DeepPicar-v3/build/deeppicar_pkg/build/lib/deeppicar_pkg/__init__.py -> /root/deepracer_ws/DeepPicar-v3/install/deeppicar_pkg/lib/python3.8/site-packages/deeppicar_pkg
copying /root/deepracer_ws/DeepPicar-v3/build/deeppicar_pkg/build/lib/deeppicar_pkg/input_kbd.py -> /root/deepracer_ws/DeepPicar-v3/install/deeppicar_pkg/lib/python3.8/site-packages/deeppicar_pkg
copying /root/deepracer_ws/DeepPicar-v3/build/deeppicar_pkg/build/lib/deeppicar_pkg/deeppicar.py -> /root/deepracer_ws/DeepPicar-v3/install/deeppicar_pkg/lib/python3.8/site-packages/deeppicar_pkg
byte-compiling /root/deepracer_ws/DeepPicar-v3/install/deeppicar_pkg/lib/python3.8/site-packages/deeppicar_pkg/__init__.py to __init__.cpython-38.pyc
byte-compiling /root/deepracer_ws/DeepPicar-v3/install/deeppicar_pkg/lib/python3.8/site-packages/deeppicar_pkg/input_kbd.py to input_kbd.cpython-38.pyc
byte-compiling /root/deepracer_ws/DeepPicar-v3/install/deeppicar_pkg/lib/python3.8/site-packages/deeppicar_pkg/deeppicar.py to deeppicar.cpython-38.pyc
running install_data
creating /root/deepracer_ws/DeepPicar-v3/install/deeppicar_pkg/share/ament_index
creating /root/deepracer_ws/DeepPicar-v3/install/deeppicar_pkg/share/ament_index/resource_index
creating /root/deepracer_ws/DeepPicar-v3/install/deeppicar_pkg/share/ament_index/resource_index/packages
copying resource/deeppicar_pkg -> /root/deepracer_ws/DeepPicar-v3/install/deeppicar_pkg/share/ament_index/resource_index/packages
copying package.xml -> /root/deepracer_ws/DeepPicar-v3/install/deeppicar_pkg/share/deeppicar_pkg
running install_egg_info
Copying ../../build/deeppicar_pkg/deeppicar_pkg.egg-info to /root/deepracer_ws/DeepPicar-v3/install/deeppicar_pkg/lib/python3.8/site-packages/deeppicar_pkg-0.0.0-py3.8.egg-info
running install_scripts
Installing deeppicar script to /root/deepracer_ws/DeepPicar-v3/install/deeppicar_pkg/lib/deeppicar_pkg
writing list of installed files to '/root/deepracer_ws/DeepPicar-v3/build/deeppicar_pkg/install.log'
