[2.728s] Invoking command in '/root/deepracer_ws/DeepPicar-v3/src/deeppicar_pkg': PYTHONPATH=/root/deepracer_ws/DeepPicar-v3/install/deeppicar_pkg/lib/python3.8/site-packages:${PYTHONPATH} /usr/bin/python3 setup.py egg_info --egg-base ../../build/deeppicar_pkg build --build-base /root/deepracer_ws/DeepPicar-v3/build/deeppicar_pkg/build install --prefix /root/deepracer_ws/DeepPicar-v3/install/deeppicar_pkg --record /root/deepracer_ws/DeepPicar-v3/build/deeppicar_pkg/install.log --single-version-externally-managed
[3.705s] running egg_info
[3.707s] creating ../../build/deeppicar_pkg/deeppicar_pkg.egg-info
[3.708s] writing ../../build/deeppicar_pkg/deeppicar_pkg.egg-info/PKG-INFO
[3.709s] writing dependency_links to ../../build/deeppicar_pkg/deeppicar_pkg.egg-info/dependency_links.txt
[3.715s] writing entry points to ../../build/deeppicar_pkg/deeppicar_pkg.egg-info/entry_points.txt
[3.716s] writing requirements to ../../build/deeppicar_pkg/deeppicar_pkg.egg-info/requires.txt
[3.716s] writing top-level names to ../../build/deeppicar_pkg/deeppicar_pkg.egg-info/top_level.txt
[3.717s] writing manifest file '../../build/deeppicar_pkg/deeppicar_pkg.egg-info/SOURCES.txt'
[3.843s] reading manifest file '../../build/deeppicar_pkg/deeppicar_pkg.egg-info/SOURCES.txt'
[3.849s] writing manifest file '../../build/deeppicar_pkg/deeppicar_pkg.egg-info/SOURCES.txt'
[3.850s] running build
[3.850s] running build_py
[3.852s] creating /root/deepracer_ws/DeepPicar-v3/build/deeppicar_pkg/build
[3.856s] creating /root/deepracer_ws/DeepPicar-v3/build/deeppicar_pkg/build/lib
[3.857s] creating /root/deepracer_ws/DeepPicar-v3/build/deeppicar_pkg/build/lib/deeppicar_pkg
[3.857s] copying deeppicar_pkg/__init__.py -> /root/deepracer_ws/DeepPicar-v3/build/deeppicar_pkg/build/lib/deeppicar_pkg
[3.857s] copying deeppicar_pkg/input_kbd.py -> /root/deepracer_ws/DeepPicar-v3/build/deeppicar_pkg/build/lib/deeppicar_pkg
[3.857s] copying deeppicar_pkg/deeppicar.py -> /root/deepracer_ws/DeepPicar-v3/build/deeppicar_pkg/build/lib/deeppicar_pkg
[3.858s] running install
[3.858s] running install_lib
[3.862s] creating /root/deepracer_ws/DeepPicar-v3/install/deeppicar_pkg/lib/python3.8/site-packages/deeppicar_pkg
[3.862s] copying /root/deepracer_ws/DeepPicar-v3/build/deeppicar_pkg/build/lib/deeppicar_pkg/__init__.py -> /root/deepracer_ws/DeepPicar-v3/install/deeppicar_pkg/lib/python3.8/site-packages/deeppicar_pkg
[3.863s] copying /root/deepracer_ws/DeepPicar-v3/build/deeppicar_pkg/build/lib/deeppicar_pkg/input_kbd.py -> /root/deepracer_ws/DeepPicar-v3/install/deeppicar_pkg/lib/python3.8/site-packages/deeppicar_pkg
[3.863s] copying /root/deepracer_ws/DeepPicar-v3/build/deeppicar_pkg/build/lib/deeppicar_pkg/deeppicar.py -> /root/deepracer_ws/DeepPicar-v3/install/deeppicar_pkg/lib/python3.8/site-packages/deeppicar_pkg
[3.868s] byte-compiling /root/deepracer_ws/DeepPicar-v3/install/deeppicar_pkg/lib/python3.8/site-packages/deeppicar_pkg/__init__.py to __init__.cpython-38.pyc
[3.875s] byte-compiling /root/deepracer_ws/DeepPicar-v3/install/deeppicar_pkg/lib/python3.8/site-packages/deeppicar_pkg/input_kbd.py to input_kbd.cpython-38.pyc
[3.876s] byte-compiling /root/deepracer_ws/DeepPicar-v3/install/deeppicar_pkg/lib/python3.8/site-packages/deeppicar_pkg/deeppicar.py to deeppicar.cpython-38.pyc
[3.876s] running install_data
[3.877s] creating /root/deepracer_ws/DeepPicar-v3/install/deeppicar_pkg/share/ament_index
[3.878s] creating /root/deepracer_ws/DeepPicar-v3/install/deeppicar_pkg/share/ament_index/resource_index
[3.878s] creating /root/deepracer_ws/DeepPicar-v3/install/deeppicar_pkg/share/ament_index/resource_index/packages
[3.880s] copying resource/deeppicar_pkg -> /root/deepracer_ws/DeepPicar-v3/install/deeppicar_pkg/share/ament_index/resource_index/packages
[3.881s] copying package.xml -> /root/deepracer_ws/DeepPicar-v3/install/deeppicar_pkg/share/deeppicar_pkg
[3.882s] running install_egg_info
[3.895s] Copying ../../build/deeppicar_pkg/deeppicar_pkg.egg-info to /root/deepracer_ws/DeepPicar-v3/install/deeppicar_pkg/lib/python3.8/site-packages/deeppicar_pkg-0.0.0-py3.8.egg-info
[3.901s] running install_scripts
[3.975s] Installing deeppicar script to /root/deepracer_ws/DeepPicar-v3/install/deeppicar_pkg/lib/deeppicar_pkg
[3.977s] writing list of installed files to '/root/deepracer_ws/DeepPicar-v3/build/deeppicar_pkg/install.log'
[4.064s] Invoked command in '/root/deepracer_ws/DeepPicar-v3/src/deeppicar_pkg' returned '0': PYTHONPATH=/root/deepracer_ws/DeepPicar-v3/install/deeppicar_pkg/lib/python3.8/site-packages:${PYTHONPATH} /usr/bin/python3 setup.py egg_info --egg-base ../../build/deeppicar_pkg build --build-base /root/deepracer_ws/DeepPicar-v3/build/deeppicar_pkg/build install --prefix /root/deepracer_ws/DeepPicar-v3/install/deeppicar_pkg --record /root/deepracer_ws/DeepPicar-v3/build/deeppicar_pkg/install.log --single-version-externally-managed
