[0.674s] DEBUG:colcon:Command line arguments: ['/usr/bin/colcon', 'build']
[0.674s] DEBUG:colcon:Parsed command line arguments: Namespace(allow_overriding=[], ament_cmake_args=None, base_paths=['.'], build_base='build', catkin_cmake_args=None, catkin_skip_building_tests=False, cmake_args=None, cmake_clean_cache=False, cmake_clean_first=False, cmake_force_configure=False, cmake_target=None, cmake_target_skip_unavailable=False, continue_on_error=False, event_handlers=None, executor='parallel', ignore_user_meta=False, install_base='install', log_base=None, log_level=None, main=<bound method BuildVerb.main of <colcon_core.verb.build.BuildVerb object at 0x7f8cccef0bb0>>, merge_install=False, metas=['./colcon.meta'], packages_above=None, packages_above_and_dependencies=None, packages_above_depth=None, packages_end=None, packages_ignore=None, packages_ignore_regex=None, packages_select=None, packages_select_build_failed=False, packages_select_by_dep=None, packages_select_regex=None, packages_select_test_failures=False, packages_skip=None, packages_skip_build_finished=False, packages_skip_by_dep=None, packages_skip_regex=None, packages_skip_test_passed=False, packages_skip_up_to=None, packages_start=None, packages_up_to=None, packages_up_to_regex=None, parallel_workers=2, paths=None, symlink_install=False, test_result_base=None, verb_extension=<colcon_core.verb.build.BuildVerb object at 0x7f8cccef0bb0>, verb_name='build', verb_parser=<colcon_defaults.argument_parser.defaults.DefaultArgumentsDecorator object at 0x7f8ccce7d160>)
[0.780s] Level 1:colcon.colcon_core.package_discovery:discover_packages(colcon_meta) check parameters
[0.781s] Level 1:colcon.colcon_core.package_discovery:discover_packages(recursive) check parameters
[0.781s] Level 1:colcon.colcon_core.package_discovery:discover_packages(ignore) check parameters
[0.781s] Level 1:colcon.colcon_core.package_discovery:discover_packages(path) check parameters
[0.781s] Level 1:colcon.colcon_core.package_discovery:discover_packages(colcon_meta) discover
[0.781s] Level 1:colcon.colcon_core.package_discovery:discover_packages(recursive) discover
[0.781s] INFO:colcon.colcon_core.package_discovery:Crawling recursively for packages in '/root/deepracer_ws/DeepPicar-v3'
[0.782s] Level 1:colcon.colcon_core.package_identification:_identify(.) by extensions ['ignore', 'ignore_ament_install']
[0.782s] Level 1:colcon.colcon_core.package_identification:_identify(.) by extension 'ignore'
[0.783s] Level 1:colcon.colcon_core.package_identification:_identify(.) by extension 'ignore_ament_install'
[0.783s] Level 1:colcon.colcon_core.package_identification:_identify(.) by extensions ['colcon_pkg']
[0.783s] Level 1:colcon.colcon_core.package_identification:_identify(.) by extension 'colcon_pkg'
[0.783s] Level 1:colcon.colcon_core.package_identification:_identify(.) by extensions ['colcon_meta']
[0.783s] Level 1:colcon.colcon_core.package_identification:_identify(.) by extension 'colcon_meta'
[0.783s] Level 1:colcon.colcon_core.package_identification:_identify(.) by extensions ['ros']
[0.784s] Level 1:colcon.colcon_core.package_identification:_identify(.) by extension 'ros'
[0.839s] Level 1:colcon.colcon_core.package_identification:_identify(.) by extensions ['cmake', 'python']
[0.840s] Level 1:colcon.colcon_core.package_identification:_identify(.) by extension 'cmake'
[0.840s] Level 1:colcon.colcon_core.package_identification:_identify(.) by extension 'python'
[0.840s] Level 1:colcon.colcon_core.package_identification:_identify(.) by extensions ['python_setup_py']
[0.840s] Level 1:colcon.colcon_core.package_identification:_identify(.) by extension 'python_setup_py'
[0.841s] Level 1:colcon.colcon_core.package_identification:_identify(build) by extensions ['ignore', 'ignore_ament_install']
[0.841s] Level 1:colcon.colcon_core.package_identification:_identify(build) by extension 'ignore'
[0.841s] Level 1:colcon.colcon_core.package_identification:_identify(build) ignored
[0.842s] Level 1:colcon.colcon_core.package_identification:_identify(install) by extensions ['ignore', 'ignore_ament_install']
[0.842s] Level 1:colcon.colcon_core.package_identification:_identify(install) by extension 'ignore'
[0.843s] Level 1:colcon.colcon_core.package_identification:_identify(install) ignored
[0.843s] Level 1:colcon.colcon_core.package_identification:_identify(log) by extensions ['ignore', 'ignore_ament_install']
[0.843s] Level 1:colcon.colcon_core.package_identification:_identify(log) by extension 'ignore'
[0.844s] Level 1:colcon.colcon_core.package_identification:_identify(log) ignored
[0.844s] Level 1:colcon.colcon_core.package_identification:_identify(models) by extensions ['ignore', 'ignore_ament_install']
[0.844s] Level 1:colcon.colcon_core.package_identification:_identify(models) by extension 'ignore'
[0.844s] Level 1:colcon.colcon_core.package_identification:_identify(models) by extension 'ignore_ament_install'
[0.845s] Level 1:colcon.colcon_core.package_identification:_identify(models) by extensions ['colcon_pkg']
[0.845s] Level 1:colcon.colcon_core.package_identification:_identify(models) by extension 'colcon_pkg'
[0.845s] Level 1:colcon.colcon_core.package_identification:_identify(models) by extensions ['colcon_meta']
[0.845s] Level 1:colcon.colcon_core.package_identification:_identify(models) by extension 'colcon_meta'
[0.845s] Level 1:colcon.colcon_core.package_identification:_identify(models) by extensions ['ros']
[0.846s] Level 1:colcon.colcon_core.package_identification:_identify(models) by extension 'ros'
[0.846s] Level 1:colcon.colcon_core.package_identification:_identify(models) by extensions ['cmake', 'python']
[0.847s] Level 1:colcon.colcon_core.package_identification:_identify(models) by extension 'cmake'
[0.850s] Level 1:colcon.colcon_core.package_identification:_identify(models) by extension 'python'
[0.851s] Level 1:colcon.colcon_core.package_identification:_identify(models) by extensions ['python_setup_py']
[0.851s] Level 1:colcon.colcon_core.package_identification:_identify(models) by extension 'python_setup_py'
[0.851s] Level 1:colcon.colcon_core.package_identification:_identify(src) by extensions ['ignore', 'ignore_ament_install']
[0.852s] Level 1:colcon.colcon_core.package_identification:_identify(src) by extension 'ignore'
[0.852s] Level 1:colcon.colcon_core.package_identification:_identify(src) by extension 'ignore_ament_install'
[0.852s] Level 1:colcon.colcon_core.package_identification:_identify(src) by extensions ['colcon_pkg']
[0.852s] Level 1:colcon.colcon_core.package_identification:_identify(src) by extension 'colcon_pkg'
[0.853s] Level 1:colcon.colcon_core.package_identification:_identify(src) by extensions ['colcon_meta']
[0.853s] Level 1:colcon.colcon_core.package_identification:_identify(src) by extension 'colcon_meta'
[0.853s] Level 1:colcon.colcon_core.package_identification:_identify(src) by extensions ['ros']
[0.853s] Level 1:colcon.colcon_core.package_identification:_identify(src) by extension 'ros'
[0.853s] Level 1:colcon.colcon_core.package_identification:_identify(src) by extensions ['cmake', 'python']
[0.854s] Level 1:colcon.colcon_core.package_identification:_identify(src) by extension 'cmake'
[0.854s] Level 1:colcon.colcon_core.package_identification:_identify(src) by extension 'python'
[0.854s] Level 1:colcon.colcon_core.package_identification:_identify(src) by extensions ['python_setup_py']
[0.854s] Level 1:colcon.colcon_core.package_identification:_identify(src) by extension 'python_setup_py'
[0.855s] Level 1:colcon.colcon_core.package_identification:_identify(src/build) by extensions ['ignore', 'ignore_ament_install']
[0.855s] Level 1:colcon.colcon_core.package_identification:_identify(src/build) by extension 'ignore'
[0.855s] Level 1:colcon.colcon_core.package_identification:_identify(src/build) ignored
[0.856s] Level 1:colcon.colcon_core.package_identification:_identify(src/deeppicar_pkg) by extensions ['ignore', 'ignore_ament_install']
[0.856s] Level 1:colcon.colcon_core.package_identification:_identify(src/deeppicar_pkg) by extension 'ignore'
[0.856s] Level 1:colcon.colcon_core.package_identification:_identify(src/deeppicar_pkg) by extension 'ignore_ament_install'
[0.856s] Level 1:colcon.colcon_core.package_identification:_identify(src/deeppicar_pkg) by extensions ['colcon_pkg']
[0.857s] Level 1:colcon.colcon_core.package_identification:_identify(src/deeppicar_pkg) by extension 'colcon_pkg'
[0.857s] Level 1:colcon.colcon_core.package_identification:_identify(src/deeppicar_pkg) by extensions ['colcon_meta']
[0.857s] Level 1:colcon.colcon_core.package_identification:_identify(src/deeppicar_pkg) by extension 'colcon_meta'
[0.857s] Level 1:colcon.colcon_core.package_identification:_identify(src/deeppicar_pkg) by extensions ['ros']
[0.857s] Level 1:colcon.colcon_core.package_identification:_identify(src/deeppicar_pkg) by extension 'ros'
[0.868s] DEBUG:colcon.colcon_core.package_identification:Package 'src/deeppicar_pkg' with type 'ros.ament_python' and name 'deeppicar_pkg'
[0.869s] Level 1:colcon.colcon_core.package_identification:_identify(src/install) by extensions ['ignore', 'ignore_ament_install']
[0.869s] Level 1:colcon.colcon_core.package_identification:_identify(src/install) by extension 'ignore'
[0.869s] Level 1:colcon.colcon_core.package_identification:_identify(src/install) ignored
[0.870s] Level 1:colcon.colcon_core.package_identification:_identify(src/log) by extensions ['ignore', 'ignore_ament_install']
[0.870s] Level 1:colcon.colcon_core.package_identification:_identify(src/log) by extension 'ignore'
[0.870s] Level 1:colcon.colcon_core.package_identification:_identify(src/log) ignored
[0.871s] Level 1:colcon.colcon_core.package_discovery:discover_packages(recursive) using defaults
[0.871s] Level 1:colcon.colcon_core.package_discovery:discover_packages(ignore) discover
[0.871s] Level 1:colcon.colcon_core.package_discovery:discover_packages(ignore) using defaults
[0.871s] Level 1:colcon.colcon_core.package_discovery:discover_packages(path) discover
[0.871s] Level 1:colcon.colcon_core.package_discovery:discover_packages(path) using defaults
[0.946s] Level 1:colcon.colcon_core.package_discovery:discover_packages(prefix_path) check parameters
[0.946s] Level 1:colcon.colcon_core.package_discovery:discover_packages(prefix_path) discover
[0.965s] DEBUG:colcon.colcon_installed_package_information.package_discovery:Found 18 installed packages in /root/deepracer_ws/aws-deepracer-launcher/install
[0.968s] DEBUG:colcon.colcon_installed_package_information.package_discovery:Found 1 installed packages in /root/deepracer_ws/DeepPicar-v3/src/install
[0.972s] ERROR:colcon.colcon_core.package_discovery:Exception in package discovery extension 'prefix_path': object of type 'NoneType' has no len()
Traceback (most recent call last):
  File "/usr/lib/python3/dist-packages/colcon_core/package_discovery/__init__.py", line 250, in _discover_packages
    descs = extension.discover(
  File "/usr/lib/python3/dist-packages/colcon_installed_package_information/package_discovery/prefix_path.py", line 30, in discover
    num_packages = len(packages)
TypeError: object of type 'NoneType' has no len()

[0.987s] Level 5:colcon.colcon_core.verb:set package 'deeppicar_pkg' build argument 'cmake_args' from command line to 'None'
[0.988s] Level 5:colcon.colcon_core.verb:set package 'deeppicar_pkg' build argument 'cmake_target' from command line to 'None'
[0.988s] Level 5:colcon.colcon_core.verb:set package 'deeppicar_pkg' build argument 'cmake_target_skip_unavailable' from command line to 'False'
[0.988s] Level 5:colcon.colcon_core.verb:set package 'deeppicar_pkg' build argument 'cmake_clean_cache' from command line to 'False'
[0.988s] Level 5:colcon.colcon_core.verb:set package 'deeppicar_pkg' build argument 'cmake_clean_first' from command line to 'False'
[0.988s] Level 5:colcon.colcon_core.verb:set package 'deeppicar_pkg' build argument 'cmake_force_configure' from command line to 'False'
[0.988s] Level 5:colcon.colcon_core.verb:set package 'deeppicar_pkg' build argument 'ament_cmake_args' from command line to 'None'
[0.988s] Level 5:colcon.colcon_core.verb:set package 'deeppicar_pkg' build argument 'catkin_cmake_args' from command line to 'None'
[0.988s] Level 5:colcon.colcon_core.verb:set package 'deeppicar_pkg' build argument 'catkin_skip_building_tests' from command line to 'False'
[0.989s] DEBUG:colcon.colcon_core.verb:Building package 'deeppicar_pkg' with the following arguments: {'ament_cmake_args': None, 'build_base': '/root/deepracer_ws/DeepPicar-v3/build/deeppicar_pkg', 'catkin_cmake_args': None, 'catkin_skip_building_tests': False, 'cmake_args': None, 'cmake_clean_cache': False, 'cmake_clean_first': False, 'cmake_force_configure': False, 'cmake_target': None, 'cmake_target_skip_unavailable': False, 'install_base': '/root/deepracer_ws/DeepPicar-v3/install/deeppicar_pkg', 'merge_install': False, 'path': '/root/deepracer_ws/DeepPicar-v3/src/deeppicar_pkg', 'symlink_install': False, 'test_result_base': None}
[0.994s] INFO:colcon.colcon_core.executor:Executing jobs using 'parallel' executor
[1.005s] DEBUG:colcon.colcon_parallel_executor.executor.parallel:run_until_complete
[1.006s] INFO:colcon.colcon_ros.task.ament_python.build:Building ROS package in '/root/deepracer_ws/DeepPicar-v3/src/deeppicar_pkg' with build type 'ament_python'
[1.007s] Level 1:colcon.colcon_core.shell:create_environment_hook('deeppicar_pkg', 'ament_prefix_path')
[1.020s] INFO:colcon.colcon_core.plugin_system:Skipping extension 'colcon_core.shell.bat': Not used on non-Windows systems
[1.021s] INFO:colcon.colcon_core.shell:Creating environment hook '/root/deepracer_ws/DeepPicar-v3/install/deeppicar_pkg/share/deeppicar_pkg/hook/ament_prefix_path.ps1'
[1.030s] INFO:colcon.colcon_core.shell:Creating environment descriptor '/root/deepracer_ws/DeepPicar-v3/install/deeppicar_pkg/share/deeppicar_pkg/hook/ament_prefix_path.dsv'
[1.032s] INFO:colcon.colcon_core.shell:Creating environment hook '/root/deepracer_ws/DeepPicar-v3/install/deeppicar_pkg/share/deeppicar_pkg/hook/ament_prefix_path.sh'
[1.036s] INFO:colcon.colcon_core.shell:Skip shell extension 'powershell' for command environment: Not usable outside of PowerShell
[1.036s] DEBUG:colcon.colcon_core.shell:Skip shell extension 'dsv' for command environment
[1.052s] DEBUG:colcon.colcon_core.shell:Ignoring prefix path '/opt/ros/foxy'
[2.061s] INFO:colcon.colcon_core.task.python.build:Building Python package in '/root/deepracer_ws/DeepPicar-v3/src/deeppicar_pkg'
[2.063s] INFO:colcon.colcon_core.shell:Skip shell extension 'powershell' for command environment: Not usable outside of PowerShell
[2.064s] DEBUG:colcon.colcon_core.shell:Skip shell extension 'dsv' for command environment
[2.082s] DEBUG:colcon.colcon_core.shell:Ignoring prefix path '/opt/ros/foxy'
[3.735s] DEBUG:colcon.colcon_core.event_handler.log_command:Invoking command in '/root/deepracer_ws/DeepPicar-v3/src/deeppicar_pkg': PYTHONPATH=/root/deepracer_ws/DeepPicar-v3/install/deeppicar_pkg/lib/python3.8/site-packages:${PYTHONPATH} /usr/bin/python3 setup.py egg_info --egg-base ../../build/deeppicar_pkg build --build-base /root/deepracer_ws/DeepPicar-v3/build/deeppicar_pkg/build install --prefix /root/deepracer_ws/DeepPicar-v3/install/deeppicar_pkg --record /root/deepracer_ws/DeepPicar-v3/build/deeppicar_pkg/install.log --single-version-externally-managed
[5.070s] DEBUG:colcon.colcon_core.event_handler.log_command:Invoked command in '/root/deepracer_ws/DeepPicar-v3/src/deeppicar_pkg' returned '0': PYTHONPATH=/root/deepracer_ws/DeepPicar-v3/install/deeppicar_pkg/lib/python3.8/site-packages:${PYTHONPATH} /usr/bin/python3 setup.py egg_info --egg-base ../../build/deeppicar_pkg build --build-base /root/deepracer_ws/DeepPicar-v3/build/deeppicar_pkg/build install --prefix /root/deepracer_ws/DeepPicar-v3/install/deeppicar_pkg --record /root/deepracer_ws/DeepPicar-v3/build/deeppicar_pkg/install.log --single-version-externally-managed
[5.078s] Level 1:colcon.colcon_core.environment:checking '/root/deepracer_ws/DeepPicar-v3/install/deeppicar_pkg' for CMake module files
[5.081s] Level 1:colcon.colcon_core.environment:checking '/root/deepracer_ws/DeepPicar-v3/install/deeppicar_pkg' for CMake config files
[5.084s] Level 1:colcon.colcon_core.environment:checking '/root/deepracer_ws/DeepPicar-v3/install/deeppicar_pkg/lib'
[5.085s] Level 1:colcon.colcon_core.environment:checking '/root/deepracer_ws/DeepPicar-v3/install/deeppicar_pkg/bin'
[5.085s] Level 1:colcon.colcon_core.environment:checking '/root/deepracer_ws/DeepPicar-v3/install/deeppicar_pkg/lib/pkgconfig/deeppicar_pkg.pc'
[5.086s] Level 1:colcon.colcon_core.environment:checking '/root/deepracer_ws/DeepPicar-v3/install/deeppicar_pkg/lib/python3.8/site-packages'
[5.087s] Level 1:colcon.colcon_core.shell:create_environment_hook('deeppicar_pkg', 'pythonpath')
[5.089s] INFO:colcon.colcon_core.shell:Creating environment hook '/root/deepracer_ws/DeepPicar-v3/install/deeppicar_pkg/share/deeppicar_pkg/hook/pythonpath.ps1'
[5.091s] INFO:colcon.colcon_core.shell:Creating environment descriptor '/root/deepracer_ws/DeepPicar-v3/install/deeppicar_pkg/share/deeppicar_pkg/hook/pythonpath.dsv'
[5.092s] INFO:colcon.colcon_core.shell:Creating environment hook '/root/deepracer_ws/DeepPicar-v3/install/deeppicar_pkg/share/deeppicar_pkg/hook/pythonpath.sh'
[5.095s] Level 1:colcon.colcon_core.environment:checking '/root/deepracer_ws/DeepPicar-v3/install/deeppicar_pkg/bin'
[5.096s] Level 1:colcon.colcon_core.environment:create_environment_scripts_only(deeppicar_pkg)
[5.098s] INFO:colcon.colcon_core.shell:Creating package script '/root/deepracer_ws/DeepPicar-v3/install/deeppicar_pkg/share/deeppicar_pkg/package.ps1'
[5.102s] INFO:colcon.colcon_core.shell:Creating package descriptor '/root/deepracer_ws/DeepPicar-v3/install/deeppicar_pkg/share/deeppicar_pkg/package.dsv'
[5.104s] INFO:colcon.colcon_core.shell:Creating package script '/root/deepracer_ws/DeepPicar-v3/install/deeppicar_pkg/share/deeppicar_pkg/package.sh'
[5.107s] INFO:colcon.colcon_core.shell:Creating package script '/root/deepracer_ws/DeepPicar-v3/install/deeppicar_pkg/share/deeppicar_pkg/package.bash'
[5.110s] INFO:colcon.colcon_core.shell:Creating package script '/root/deepracer_ws/DeepPicar-v3/install/deeppicar_pkg/share/deeppicar_pkg/package.zsh'
[5.114s] Level 1:colcon.colcon_core.environment:create_file_with_runtime_dependencies(/root/deepracer_ws/DeepPicar-v3/install/deeppicar_pkg/share/colcon-core/packages/deeppicar_pkg)
[5.117s] DEBUG:colcon.colcon_parallel_executor.executor.parallel:closing loop
[5.118s] DEBUG:colcon.colcon_parallel_executor.executor.parallel:loop closed
[5.118s] DEBUG:colcon.colcon_parallel_executor.executor.parallel:run_until_complete finished with '0'
[5.119s] DEBUG:colcon.colcon_core.event_reactor:joining thread
[5.142s] INFO:colcon.colcon_core.plugin_system:Skipping extension 'colcon_notification.desktop_notification.terminal_notifier': Not used on non-Darwin systems
[5.142s] INFO:colcon.colcon_core.plugin_system:Skipping extension 'colcon_notification.desktop_notification.win32': Not used on non-Windows systems
[5.142s] INFO:colcon.colcon_notification.desktop_notification:Sending desktop notification using 'notify2'
[5.143s] DEBUG:colcon.colcon_notification.desktop_notification.notify2:Failed to initialize notify2: org.freedesktop.DBus.Error.NotSupported: Unable to autolaunch a dbus-daemon without a $DISPLAY for X11
[5.143s] DEBUG:colcon.colcon_core.event_reactor:joined thread
[5.146s] INFO:colcon.colcon_core.shell:Creating prefix script '/root/deepracer_ws/DeepPicar-v3/install/local_setup.ps1'
[5.149s] INFO:colcon.colcon_core.shell:Creating prefix util module '/root/deepracer_ws/DeepPicar-v3/install/_local_setup_util_ps1.py'
[5.154s] INFO:colcon.colcon_core.shell:Creating prefix chain script '/root/deepracer_ws/DeepPicar-v3/install/setup.ps1'
[5.167s] INFO:colcon.colcon_core.shell:Creating prefix script '/root/deepracer_ws/DeepPicar-v3/install/local_setup.sh'
[5.169s] INFO:colcon.colcon_core.shell:Creating prefix util module '/root/deepracer_ws/DeepPicar-v3/install/_local_setup_util_sh.py'
[5.172s] INFO:colcon.colcon_core.shell:Creating prefix chain script '/root/deepracer_ws/DeepPicar-v3/install/setup.sh'
[5.183s] INFO:colcon.colcon_core.shell:Creating prefix script '/root/deepracer_ws/DeepPicar-v3/install/local_setup.bash'
[5.185s] INFO:colcon.colcon_core.shell:Creating prefix chain script '/root/deepracer_ws/DeepPicar-v3/install/setup.bash'
[5.198s] INFO:colcon.colcon_core.shell:Creating prefix script '/root/deepracer_ws/DeepPicar-v3/install/local_setup.zsh'
[5.200s] INFO:colcon.colcon_core.shell:Creating prefix chain script '/root/deepracer_ws/DeepPicar-v3/install/setup.zsh'
