running egg_info
writing ../build/deeppicar_pkg/deeppicar_pkg.egg-info/PKG-INFO
writing dependency_links to ../build/deeppicar_pkg/deeppicar_pkg.egg-info/dependency_links.txt
writing entry points to ../build/deeppicar_pkg/deeppicar_pkg.egg-info/entry_points.txt
writing requirements to ../build/deeppicar_pkg/deeppicar_pkg.egg-info/requires.txt
writing top-level names to ../build/deeppicar_pkg/deeppicar_pkg.egg-info/top_level.txt
reading manifest file '../build/deeppicar_pkg/deeppicar_pkg.egg-info/SOURCES.txt'
writing manifest file '../build/deeppicar_pkg/deeppicar_pkg.egg-info/SOURCES.txt'
running build
running build_py
copying deeppicar_pkg/input_kbd.py -> /root/deepracer_ws/DeepPicar-v3/src/build/deeppicar_pkg/build/lib/deeppicar_pkg
copying deeppicar_pkg/deeppicar.py -> /root/deepracer_ws/DeepPicar-v3/src/build/deeppicar_pkg/build/lib/deeppicar_pkg
running install
running install_lib
copying /root/deepracer_ws/DeepPicar-v3/src/build/deeppicar_pkg/build/lib/deeppicar_pkg/input_kbd.py -> /root/deepracer_ws/DeepPicar-v3/src/install/deeppicar_pkg/lib/python3.8/site-packages/deeppicar_pkg
copying /root/deepracer_ws/DeepPicar-v3/src/build/deeppicar_pkg/build/lib/deeppicar_pkg/deeppicar.py -> /root/deepracer_ws/DeepPicar-v3/src/install/deeppicar_pkg/lib/python3.8/site-packages/deeppicar_pkg
byte-compiling /root/deepracer_ws/DeepPicar-v3/src/install/deeppicar_pkg/lib/python3.8/site-packages/deeppicar_pkg/input_kbd.py to input_kbd.cpython-38.pyc
byte-compiling /root/deepracer_ws/DeepPicar-v3/src/install/deeppicar_pkg/lib/python3.8/site-packages/deeppicar_pkg/deeppicar.py to deeppicar.cpython-38.pyc
  File "/root/deepracer_ws/DeepPicar-v3/src/install/deeppicar_pkg/lib/python3.8/site-packages/deeppicar_pkg/deeppicar.py", line 70
    While True:
          ^
SyntaxError: invalid syntax

running install_data
copying package.xml -> /root/deepracer_ws/DeepPicar-v3/src/install/deeppicar_pkg/share/deeppicar_pkg
running install_egg_info
removing '/root/deepracer_ws/DeepPicar-v3/src/install/deeppicar_pkg/lib/python3.8/site-packages/deeppicar_pkg-0.0.0-py3.8.egg-info' (and everything under it)
Copying ../build/deeppicar_pkg/deeppicar_pkg.egg-info to /root/deepracer_ws/DeepPicar-v3/src/install/deeppicar_pkg/lib/python3.8/site-packages/deeppicar_pkg-0.0.0-py3.8.egg-info
running install_scripts
Installing deeppicar script to /root/deepracer_ws/DeepPicar-v3/src/install/deeppicar_pkg/lib/deeppicar_pkg
writing list of installed files to '/root/deepracer_ws/DeepPicar-v3/src/build/deeppicar_pkg/install.log'
